<?xml version="1.0" encoding="UTF-8"?>
<testsuite xmlns:xsi="http://www.w3.org/2001/XMLSchema-instance" xsi:noNamespaceSchemaLocation="https://maven.apache.org/surefire/maven-surefire-plugin/xsd/surefire-test-report.xsd" name="com.example.springbootapplication.BasicApplicationTests" time="10.308" tests="1" errors="0" skipped="0" failures="0">
  <properties>
    <property name="sun.desktop" value="windows"/>
    <property name="awt.toolkit" value="sun.awt.windows.WToolkit"/>
    <property name="file.encoding.pkg" value="sun.io"/>
    <property name="java.specification.version" value="1.8"/>
    <property name="sun.cpu.isalist" value="amd64"/>
    <property name="sun.jnu.encoding" value="Cp1252"/>
    <property name="java.class.path" value="D:\utilisateurs\l.duperron\Documents\NetBeansProjects\BasicSpringbootProject\target\test-classes;D:\utilisateurs\l.duperron\Documents\NetBeansProjects\BasicSpringbootProject\target\classes;D:\developpement\repository_maven\repository\org\springframework\boot\spring-boot-starter-web\2.0.1.RELEASE\spring-boot-starter-web-2.0.1.RELEASE.jar;D:\developpement\repository_maven\repository\org\springframework\boot\spring-boot-starter\2.0.1.RELEASE\spring-boot-starter-2.0.1.RELEASE.jar;D:\developpement\repository_maven\repository\org\springframework\boot\spring-boot-autoconfigure\2.0.1.RELEASE\spring-boot-autoconfigure-2.0.1.RELEASE.jar;D:\developpement\repository_maven\repository\org\springframework\boot\spring-boot-starter-logging\2.0.1.RELEASE\spring-boot-starter-logging-2.0.1.RELEASE.jar;D:\developpement\repository_maven\repository\ch\qos\logback\logback-classic\1.2.3\logback-classic-1.2.3.jar;D:\developpement\repository_maven\repository\ch\qos\logback\logback-core\1.2.3\logback-core-1.2.3.jar;D:\developpement\repository_maven\repository\org\apache\logging\log4j\log4j-to-slf4j\2.10.0\log4j-to-slf4j-2.10.0.jar;D:\developpement\repository_maven\repository\org\apache\logging\log4j\log4j-api\2.10.0\log4j-api-2.10.0.jar;D:\developpement\repository_maven\repository\org\slf4j\jul-to-slf4j\1.7.25\jul-to-slf4j-1.7.25.jar;D:\developpement\repository_maven\repository\javax\annotation\javax.annotation-api\1.3.2\javax.annotation-api-1.3.2.jar;D:\developpement\repository_maven\repository\org\yaml\snakeyaml\1.19\snakeyaml-1.19.jar;D:\developpement\repository_maven\repository\org\springframework\boot\spring-boot-starter-json\2.0.1.RELEASE\spring-boot-starter-json-2.0.1.RELEASE.jar;D:\developpement\repository_maven\repository\com\fasterxml\jackson\core\jackson-databind\2.9.5\jackson-databind-2.9.5.jar;D:\developpement\repository_maven\repository\com\fasterxml\jackson\core\jackson-annotations\2.9.0\jackson-annotations-2.9.0.jar;D:\developpement\repository_maven\repository\com\fasterxml\jackson\core\jackson-core\2.9.5\jackson-core-2.9.5.jar;D:\developpement\repository_maven\repository\com\fasterxml\jackson\datatype\jackson-datatype-jdk8\2.9.5\jackson-datatype-jdk8-2.9.5.jar;D:\developpement\repository_maven\repository\com\fasterxml\jackson\datatype\jackson-datatype-jsr310\2.9.5\jackson-datatype-jsr310-2.9.5.jar;D:\developpement\repository_maven\repository\com\fasterxml\jackson\module\jackson-module-parameter-names\2.9.5\jackson-module-parameter-names-2.9.5.jar;D:\developpement\repository_maven\repository\org\hibernate\validator\hibernate-validator\6.0.9.Final\hibernate-validator-6.0.9.Final.jar;D:\developpement\repository_maven\repository\javax\validation\validation-api\2.0.1.Final\validation-api-2.0.1.Final.jar;D:\developpement\repository_maven\repository\org\jboss\logging\jboss-logging\3.3.2.Final\jboss-logging-3.3.2.Final.jar;D:\developpement\repository_maven\repository\com\fasterxml\classmate\1.3.4\classmate-1.3.4.jar;D:\developpement\repository_maven\repository\org\springframework\spring-webmvc\5.0.5.RELEASE\spring-webmvc-5.0.5.RELEASE.jar;D:\developpement\repository_maven\repository\org\springframework\spring-aop\5.0.5.RELEASE\spring-aop-5.0.5.RELEASE.jar;D:\developpement\repository_maven\repository\org\springframework\spring-context\5.0.5.RELEASE\spring-context-5.0.5.RELEASE.jar;D:\developpement\repository_maven\repository\org\springframework\spring-expression\5.0.5.RELEASE\spring-expression-5.0.5.RELEASE.jar;D:\developpement\repository_maven\repository\org\postgresql\postgresql\42.2.2\postgresql-42.2.2.jar;D:\developpement\repository_maven\repository\javax\servlet\javax.servlet-api\3.1.0\javax.servlet-api-3.1.0.jar;D:\developpement\repository_maven\repository\org\springframework\boot\spring-boot-starter-data-jpa\2.0.1.RELEASE\spring-boot-starter-data-jpa-2.0.1.RELEASE.jar;D:\developpement\repository_maven\repository\org\springframework\boot\spring-boot-starter-aop\2.0.1.RELEASE\spring-boot-starter-aop-2.0.1.RELEASE.jar;D:\developpement\repository_maven\repository\org\aspectj\aspectjweaver\1.8.13\aspectjweaver-1.8.13.jar;D:\developpement\repository_maven\repository\org\springframework\boot\spring-boot-starter-jdbc\2.0.1.RELEASE\spring-boot-starter-jdbc-2.0.1.RELEASE.jar;D:\developpement\repository_maven\repository\com\zaxxer\HikariCP\2.7.8\HikariCP-2.7.8.jar;D:\developpement\repository_maven\repository\org\springframework\spring-jdbc\5.0.5.RELEASE\spring-jdbc-5.0.5.RELEASE.jar;D:\developpement\repository_maven\repository\org\hibernate\hibernate-core\5.2.16.Final\hibernate-core-5.2.16.Final.jar;D:\developpement\repository_maven\repository\org\hibernate\javax\persistence\hibernate-jpa-2.1-api\1.0.0.Final\hibernate-jpa-2.1-api-1.0.0.Final.jar;D:\developpement\repository_maven\repository\org\javassist\javassist\3.22.0-GA\javassist-3.22.0-GA.jar;D:\developpement\repository_maven\repository\antlr\antlr\2.7.7\antlr-2.7.7.jar;D:\developpement\repository_maven\repository\org\jboss\jandex\2.0.3.Final\jandex-2.0.3.Final.jar;D:\developpement\repository_maven\repository\dom4j\dom4j\1.6.1\dom4j-1.6.1.jar;D:\developpement\repository_maven\repository\org\hibernate\common\hibernate-commons-annotations\5.0.1.Final\hibernate-commons-annotations-5.0.1.Final.jar;D:\developpement\repository_maven\repository\javax\transaction\javax.transaction-api\1.2\javax.transaction-api-1.2.jar;D:\developpement\repository_maven\repository\org\springframework\data\spring-data-jpa\2.0.6.RELEASE\spring-data-jpa-2.0.6.RELEASE.jar;D:\developpement\repository_maven\repository\org\springframework\data\spring-data-commons\2.0.6.RELEASE\spring-data-commons-2.0.6.RELEASE.jar;D:\developpement\repository_maven\repository\org\springframework\spring-orm\5.0.5.RELEASE\spring-orm-5.0.5.RELEASE.jar;D:\developpement\repository_maven\repository\org\springframework\spring-tx\5.0.5.RELEASE\spring-tx-5.0.5.RELEASE.jar;D:\developpement\repository_maven\repository\org\slf4j\slf4j-api\1.7.25\slf4j-api-1.7.25.jar;D:\developpement\repository_maven\repository\org\springframework\spring-aspects\5.0.5.RELEASE\spring-aspects-5.0.5.RELEASE.jar;D:\developpement\repository_maven\repository\org\springframework\spring-test\5.0.5.RELEASE\spring-test-5.0.5.RELEASE.jar;D:\developpement\repository_maven\repository\org\springframework\spring-core\5.0.5.RELEASE\spring-core-5.0.5.RELEASE.jar;D:\developpement\repository_maven\repository\org\springframework\spring-jcl\5.0.5.RELEASE\spring-jcl-5.0.5.RELEASE.jar;D:\developpement\repository_maven\repository\org\springframework\boot\spring-boot-test\2.0.1.RELEASE\spring-boot-test-2.0.1.RELEASE.jar;D:\developpement\repository_maven\repository\org\springframework\boot\spring-boot\2.0.1.RELEASE\spring-boot-2.0.1.RELEASE.jar;D:\developpement\repository_maven\repository\junit\junit\4.12\junit-4.12.jar;D:\developpement\repository_maven\repository\org\hamcrest\hamcrest-core\1.3\hamcrest-core-1.3.jar;D:\developpement\repository_maven\repository\javax\ejb\ejb-api\3.0\ejb-api-3.0.jar;D:\developpement\repository_maven\repository\org\springframework\spring-web\5.0.5.RELEASE\spring-web-5.0.5.RELEASE.jar;D:\developpement\repository_maven\repository\org\springframework\spring-beans\5.0.5.RELEASE\spring-beans-5.0.5.RELEASE.jar;D:\developpement\repository_maven\repository\commons-httpclient\commons-httpclient\3.0.1\commons-httpclient-3.0.1.jar;D:\developpement\repository_maven\repository\commons-logging\commons-logging\1.0.3\commons-logging-1.0.3.jar;D:\developpement\repository_maven\repository\commons-codec\commons-codec\1.11\commons-codec-1.11.jar;"/>
    <property name="java.vm.vendor" value="Oracle Corporation"/>
    <property name="sun.arch.data.model" value="64"/>
    <property name="user.variant" value=""/>
    <property name="java.vendor.url" value="http://java.oracle.com/"/>
    <property name="user.timezone" value=""/>
    <property name="java.vm.specification.version" value="1.8"/>
    <property name="os.name" value="Windows 7"/>
    <property name="sun.java.launcher" value="SUN_STANDARD"/>
    <property name="user.country" value="FR"/>
    <property name="sun.boot.library.path" value="D:\programs\portable\java\jdk\jdk1.8.0_172\jre\bin"/>
    <property name="sun.java.command" value="d:\TEMP\surefire3811074370864224351\surefirebooter7352593200961144451.jar D:\TEMP\surefire3811074370864224351 2018-07-24T13-39-31_226-jvmRun1 surefire6870698355105358604tmp surefire_08665286776502253524tmp"/>
    <property name="surefire.test.class.path" value="D:\utilisateurs\l.duperron\Documents\NetBeansProjects\BasicSpringbootProject\target\test-classes;D:\utilisateurs\l.duperron\Documents\NetBeansProjects\BasicSpringbootProject\target\classes;D:\developpement\repository_maven\repository\org\springframework\boot\spring-boot-starter-web\2.0.1.RELEASE\spring-boot-starter-web-2.0.1.RELEASE.jar;D:\developpement\repository_maven\repository\org\springframework\boot\spring-boot-starter\2.0.1.RELEASE\spring-boot-starter-2.0.1.RELEASE.jar;D:\developpement\repository_maven\repository\org\springframework\boot\spring-boot-autoconfigure\2.0.1.RELEASE\spring-boot-autoconfigure-2.0.1.RELEASE.jar;D:\developpement\repository_maven\repository\org\springframework\boot\spring-boot-starter-logging\2.0.1.RELEASE\spring-boot-starter-logging-2.0.1.RELEASE.jar;D:\developpement\repository_maven\repository\ch\qos\logback\logback-classic\1.2.3\logback-classic-1.2.3.jar;D:\developpement\repository_maven\repository\ch\qos\logback\logback-core\1.2.3\logback-core-1.2.3.jar;D:\developpement\repository_maven\repository\org\apache\logging\log4j\log4j-to-slf4j\2.10.0\log4j-to-slf4j-2.10.0.jar;D:\developpement\repository_maven\repository\org\apache\logging\log4j\log4j-api\2.10.0\log4j-api-2.10.0.jar;D:\developpement\repository_maven\repository\org\slf4j\jul-to-slf4j\1.7.25\jul-to-slf4j-1.7.25.jar;D:\developpement\repository_maven\repository\javax\annotation\javax.annotation-api\1.3.2\javax.annotation-api-1.3.2.jar;D:\developpement\repository_maven\repository\org\yaml\snakeyaml\1.19\snakeyaml-1.19.jar;D:\developpement\repository_maven\repository\org\springframework\boot\spring-boot-starter-json\2.0.1.RELEASE\spring-boot-starter-json-2.0.1.RELEASE.jar;D:\developpement\repository_maven\repository\com\fasterxml\jackson\core\jackson-databind\2.9.5\jackson-databind-2.9.5.jar;D:\developpement\repository_maven\repository\com\fasterxml\jackson\core\jackson-annotations\2.9.0\jackson-annotations-2.9.0.jar;D:\developpement\repository_maven\repository\com\fasterxml\jackson\core\jackson-core\2.9.5\jackson-core-2.9.5.jar;D:\developpement\repository_maven\repository\com\fasterxml\jackson\datatype\jackson-datatype-jdk8\2.9.5\jackson-datatype-jdk8-2.9.5.jar;D:\developpement\repository_maven\repository\com\fasterxml\jackson\datatype\jackson-datatype-jsr310\2.9.5\jackson-datatype-jsr310-2.9.5.jar;D:\developpement\repository_maven\repository\com\fasterxml\jackson\module\jackson-module-parameter-names\2.9.5\jackson-module-parameter-names-2.9.5.jar;D:\developpement\repository_maven\repository\org\hibernate\validator\hibernate-validator\6.0.9.Final\hibernate-validator-6.0.9.Final.jar;D:\developpement\repository_maven\repository\javax\validation\validation-api\2.0.1.Final\validation-api-2.0.1.Final.jar;D:\developpement\repository_maven\repository\org\jboss\logging\jboss-logging\3.3.2.Final\jboss-logging-3.3.2.Final.jar;D:\developpement\repository_maven\repository\com\fasterxml\classmate\1.3.4\classmate-1.3.4.jar;D:\developpement\repository_maven\repository\org\springframework\spring-webmvc\5.0.5.RELEASE\spring-webmvc-5.0.5.RELEASE.jar;D:\developpement\repository_maven\repository\org\springframework\spring-aop\5.0.5.RELEASE\spring-aop-5.0.5.RELEASE.jar;D:\developpement\repository_maven\repository\org\springframework\spring-context\5.0.5.RELEASE\spring-context-5.0.5.RELEASE.jar;D:\developpement\repository_maven\repository\org\springframework\spring-expression\5.0.5.RELEASE\spring-expression-5.0.5.RELEASE.jar;D:\developpement\repository_maven\repository\org\postgresql\postgresql\42.2.2\postgresql-42.2.2.jar;D:\developpement\repository_maven\repository\javax\servlet\javax.servlet-api\3.1.0\javax.servlet-api-3.1.0.jar;D:\developpement\repository_maven\repository\org\springframework\boot\spring-boot-starter-data-jpa\2.0.1.RELEASE\spring-boot-starter-data-jpa-2.0.1.RELEASE.jar;D:\developpement\repository_maven\repository\org\springframework\boot\spring-boot-starter-aop\2.0.1.RELEASE\spring-boot-starter-aop-2.0.1.RELEASE.jar;D:\developpement\repository_maven\repository\org\aspectj\aspectjweaver\1.8.13\aspectjweaver-1.8.13.jar;D:\developpement\repository_maven\repository\org\springframework\boot\spring-boot-starter-jdbc\2.0.1.RELEASE\spring-boot-starter-jdbc-2.0.1.RELEASE.jar;D:\developpement\repository_maven\repository\com\zaxxer\HikariCP\2.7.8\HikariCP-2.7.8.jar;D:\developpement\repository_maven\repository\org\springframework\spring-jdbc\5.0.5.RELEASE\spring-jdbc-5.0.5.RELEASE.jar;D:\developpement\repository_maven\repository\org\hibernate\hibernate-core\5.2.16.Final\hibernate-core-5.2.16.Final.jar;D:\developpement\repository_maven\repository\org\hibernate\javax\persistence\hibernate-jpa-2.1-api\1.0.0.Final\hibernate-jpa-2.1-api-1.0.0.Final.jar;D:\developpement\repository_maven\repository\org\javassist\javassist\3.22.0-GA\javassist-3.22.0-GA.jar;D:\developpement\repository_maven\repository\antlr\antlr\2.7.7\antlr-2.7.7.jar;D:\developpement\repository_maven\repository\org\jboss\jandex\2.0.3.Final\jandex-2.0.3.Final.jar;D:\developpement\repository_maven\repository\dom4j\dom4j\1.6.1\dom4j-1.6.1.jar;D:\developpement\repository_maven\repository\org\hibernate\common\hibernate-commons-annotations\5.0.1.Final\hibernate-commons-annotations-5.0.1.Final.jar;D:\developpement\repository_maven\repository\javax\transaction\javax.transaction-api\1.2\javax.transaction-api-1.2.jar;D:\developpement\repository_maven\repository\org\springframework\data\spring-data-jpa\2.0.6.RELEASE\spring-data-jpa-2.0.6.RELEASE.jar;D:\developpement\repository_maven\repository\org\springframework\data\spring-data-commons\2.0.6.RELEASE\spring-data-commons-2.0.6.RELEASE.jar;D:\developpement\repository_maven\repository\org\springframework\spring-orm\5.0.5.RELEASE\spring-orm-5.0.5.RELEASE.jar;D:\developpement\repository_maven\repository\org\springframework\spring-tx\5.0.5.RELEASE\spring-tx-5.0.5.RELEASE.jar;D:\developpement\repository_maven\repository\org\slf4j\slf4j-api\1.7.25\slf4j-api-1.7.25.jar;D:\developpement\repository_maven\repository\org\springframework\spring-aspects\5.0.5.RELEASE\spring-aspects-5.0.5.RELEASE.jar;D:\developpement\repository_maven\repository\org\springframework\spring-test\5.0.5.RELEASE\spring-test-5.0.5.RELEASE.jar;D:\developpement\repository_maven\repository\org\springframework\spring-core\5.0.5.RELEASE\spring-core-5.0.5.RELEASE.jar;D:\developpement\repository_maven\repository\org\springframework\spring-jcl\5.0.5.RELEASE\spring-jcl-5.0.5.RELEASE.jar;D:\developpement\repository_maven\repository\org\springframework\boot\spring-boot-test\2.0.1.RELEASE\spring-boot-test-2.0.1.RELEASE.jar;D:\developpement\repository_maven\repository\org\springframework\boot\spring-boot\2.0.1.RELEASE\spring-boot-2.0.1.RELEASE.jar;D:\developpement\repository_maven\repository\junit\junit\4.12\junit-4.12.jar;D:\developpement\repository_maven\repository\org\hamcrest\hamcrest-core\1.3\hamcrest-core-1.3.jar;D:\developpement\repository_maven\repository\javax\ejb\ejb-api\3.0\ejb-api-3.0.jar;D:\developpement\repository_maven\repository\org\springframework\spring-web\5.0.5.RELEASE\spring-web-5.0.5.RELEASE.jar;D:\developpement\repository_maven\repository\org\springframework\spring-beans\5.0.5.RELEASE\spring-beans-5.0.5.RELEASE.jar;D:\developpement\repository_maven\repository\commons-httpclient\commons-httpclient\3.0.1\commons-httpclient-3.0.1.jar;D:\developpement\repository_maven\repository\commons-logging\commons-logging\1.0.3\commons-logging-1.0.3.jar;D:\developpement\repository_maven\repository\commons-codec\commons-codec\1.11\commons-codec-1.11.jar;"/>
    <property name="sun.cpu.endian" value="little"/>
    <property name="maven.wagon.http.ssl.insecure" value="true"/>
    <property name="user.home" value="d:\utilisateurs\l.duperron"/>
    <property name="user.language" value="fr"/>
    <property name="java.specification.vendor" value="Oracle Corporation"/>
    <property name="java.home" value="D:\programs\portable\java\jdk\jdk1.8.0_172\jre"/>
    <property name="basedir" value="D:\utilisateurs\l.duperron\Documents\NetBeansProjects\BasicSpringbootProject"/>
    <property name="file.separator" value="\"/>
    <property name="line.separator" value="&#10;"/>
    <property name="java.vm.specification.vendor" value="Oracle Corporation"/>
    <property name="java.specification.name" value="Java Platform API Specification"/>
    <property name="java.awt.graphicsenv" value="sun.awt.Win32GraphicsEnvironment"/>
    <property name="surefire.real.class.path" value="d:\TEMP\surefire3811074370864224351\surefirebooter7352593200961144451.jar"/>
    <property name="sun.boot.class.path" value="D:\programs\portable\java\jdk\jdk1.8.0_172\jre\lib\resources.jar;D:\programs\portable\java\jdk\jdk1.8.0_172\jre\lib\rt.jar;D:\programs\portable\java\jdk\jdk1.8.0_172\jre\lib\sunrsasign.jar;D:\programs\portable\java\jdk\jdk1.8.0_172\jre\lib\jsse.jar;D:\programs\portable\java\jdk\jdk1.8.0_172\jre\lib\jce.jar;D:\programs\portable\java\jdk\jdk1.8.0_172\jre\lib\charsets.jar;D:\programs\portable\java\jdk\jdk1.8.0_172\jre\lib\jfr.jar;D:\programs\portable\java\jdk\jdk1.8.0_172\jre\classes"/>
    <property name="user.script" value=""/>
    <property name="sun.management.compiler" value="HotSpot 64-Bit Tiered Compilers"/>
    <property name="java.runtime.version" value="1.8.0_172-b11"/>
    <property name="user.name" value="l.duperron"/>
    <property name="path.separator" value=";"/>
    <property name="os.version" value="6.1"/>
    <property name="java.endorsed.dirs" value="D:\programs\portable\java\jdk\jdk1.8.0_172\jre\lib\endorsed"/>
    <property name="java.runtime.name" value="Java(TM) SE Runtime Environment"/>
    <property name="file.encoding" value="UTF8"/>
    <property name="java.vm.name" value="Java HotSpot(TM) 64-Bit Server VM"/>
    <property name="maven.ext.class.path" value="D:\programs\portable\netbeans\netbeans-8.1\java\maven-nblib\netbeans-eventspy.jar"/>
    <property name="localRepository" value="D:\developpement\repository_maven\repository"/>
    <property name="java.vendor.url.bug" value="http://bugreport.sun.com/bugreport/"/>
    <property name="java.io.tmpdir" value="d:\TEMP\"/>
    <property name="java.version" value="1.8.0_172"/>
    <property name="user.dir" value="D:\utilisateurs\l.duperron\Documents\NetBeansProjects\BasicSpringbootProject"/>
    <property name="os.arch" value="amd64"/>
    <property name="java.vm.specification.name" value="Java Virtual Machine Specification"/>
    <property name="java.awt.printerjob" value="sun.awt.windows.WPrinterJob"/>
    <property name="sun.os.patch.level" value="Service Pack 1"/>
    <property name="java.library.path" value="D:\programs\portable\java\jdk\jdk1.8.0_172\jre\bin;C:\Windows\Sun\Java\bin;C:\Windows\system32;C:\Windows;C:\windows\system32;C:\windows;C:\Windows\System32\Wbem;C:\Program Files\TortoiseSVN\bin;C:\Program Files (x86)\Microsoft SQL Server\110\Tools\Binn\ManagementStudio\;C:\Program Files (x86)\Microsoft SQL Server\110\Tools\Binn\;C:\Program Files\Microsoft SQL Server\110\Tools\Binn\;C:\Program Files (x86)\Microsoft SQL Server\110\DTS\Binn\;C:\Windows\System32\WindowsPowerShell\v1.0\;C:\Windows\System32\WindowsPowerShell\v1.0\;C:\windows\system32;C:\windows;C:\Windows\System32\Wbem;C:\Program Files\TortoiseSVN\bin;C:\Program Files (x86)\Microsoft SQL Server\110\Tools\Binn\ManagementStudio\;C:\Program Files (x86)\Microsoft SQL Server\110\Tools\Binn\;C:\Program Files\Microsoft SQL Server\110\Tools\Binn\;C:\Program Files (x86)\Microsoft SQL Server\110\DTS\Binn\;C:\Windows\System32\WindowsPowerShell\v1.0\;C:\Windows\System32\WindowsPowerShell\v1.0\;D:\programs\portable\apache\maven-3.3.9\bin;D:\programs\portable\java\jdk\jdk1.8.0_172\bin;."/>
    <property name="java.vm.info" value="mixed mode"/>
    <property name="java.vendor" value="Oracle Corporation"/>
    <property name="java.vm.version" value="25.172-b11"/>
    <property name="java.ext.dirs" value="D:\programs\portable\java\jdk\jdk1.8.0_172\jre\lib\ext;C:\Windows\Sun\Java\lib\ext"/>
    <property name="sun.io.unicode.encoding" value="UnicodeLittle"/>
    <property name="java.class.version" value="52.0"/>
  </properties>
  <testcase name="contextLoads" classname="com.example.springbootapplication.BasicApplicationTests" time="0.002"/>
</testsuite>